Remove Pin from Net: Failed to remove Pin
Removed Pin From Net: NetName=GND Pin=D1-2
Removed Pin From Net: NetName=NetC?_1 Pin=D2-1
Remove Pin from Net: Failed to remove Pin
Removed Pin From Net: NetName=NetC?_1 Pin=D3-1
Removed Pin From Net: NetName=NetC?_2 Pin=D3-2
Removed Pin From Net: NetName=NetC?_2 Pin=D4-1
Removed Pin From Net: NetName=GND Pin=D4-2
Removed Member From Class: ClassName=Sheet2 Member=D1
Removed Member From Class: ClassName=Sheet2 Member=D2
Removed Member From Class: ClassName=Sheet2 Member=D3
Removed Member From Class: ClassName=Sheet2 Member=D4
Added Component: Designator=D?(FP-BZY55B7V5_RBG-MFG)
Added Component: Designator=D?(FP-BZY55B7V5_RBG-MFG)
Added Component: Designator=D?(FP-BZY55B7V5_RBG-MFG)
Added Component: Designator=D?(FP-BZY55B7V5_RBG-MFG)
Added Pin To Net: NetName=NetC?_1 Pin=D?-1
Added Pin To Net: NetName=NetC?_1 Pin=D?-1
Added Pin To Net: NetName=NetC?_1 Pin=D?-1
Added Pin To Net: NetName=NetC?_2 Pin=D?-1
Added Pin To Net: NetName=GND Pin=D?-2
Added Pin To Net: NetName=GND Pin=D?-2
Added Pin To Net: NetName=NetC?_1 Pin=D?-2
Added Pin To Net: NetName=NetC?_2 Pin=D?-2
Add Net: Net with name "NetC?_1" already exists
Added Member To Class: ClassName=Sheet2 Member=Component C? VJ0805Y682KXAMT
Added Member To Class: ClassName=Sheet2 Member=Component C? VJ0805Y682KXAMT
Added Member To Class: ClassName=Sheet2 Member=Component C? VJ0805Y682KXAMT
Added Member To Class: ClassName=Sheet2 Member=Component D? BZY55B7V5 RBG
Added Member To Class: ClassName=Sheet2 Member=Component D? BZY55B7V5 RBG
Added Member To Class: ClassName=Sheet2 Member=Component D? BZY55B7V5 RBG
Added Member To Class: ClassName=Sheet2 Member=Component D? BZY55B7V5 RBG
