Change Component Footprint: Designator=R3 Old Footprint=FP-HCJ1206-MFG New Footprint=AXIAL-0.3
Change Component Footprint: Designator=R4 Old Footprint=FP-HCJ1206-MFG New Footprint=AXIAL-0.3
Change Component Comment : Designator=R4 Old Comment=1k New Comment=
Change Component Comment : Designator=R3 Old Comment=220 New Comment=
Change Managed Component Library Link : Designator=R3 Old VaultGUID=B7D15EC3-160A-466F-A46C-7801FE6295A7 New VaultGUID= Old ItemGUID=9D2D13BB-3A42-4A29-A06C-CDAE7B4902CA New ItemGUID= Old RevisionGUID=AAF34028-5946-42E2-85AF-B647F44E3FF1 New RevisionGUID=
Change Managed Component Library Link : Designator=R4 Old VaultGUID=B7D15EC3-160A-466F-A46C-7801FE6295A7 New VaultGUID= Old ItemGUID=9D2D13BB-3A42-4A29-A06C-CDAE7B4902CA New ItemGUID= Old RevisionGUID=AAF34028-5946-42E2-85AF-B647F44E3FF1 New RevisionGUID=
Change component parameters: Designator = "R3" ("R3"); Footprint = "FP-HCJ1206-MFG"; UniqueID = "\ETKDGUUB" ("\ETKDGUUB")
Change component parameters (AddParameter): Name = "LatestRevisionDate"; Value = "17-Jul-2002"; VariantName = "[No Variations]"
Change component parameters (AddParameter): Name = "LatestRevisionNote"; Value = "Re-released for DXP Platform."; VariantName = "[No Variations]"
Change component parameters (AddParameter): Name = "PackageDescription"; Value = "Axial Device, Thru-Hole; 2 Leads; 0.3 in Pin Spacing"; VariantName = "[No Variations]"
Change component parameters (AddParameter): Name = "PackageReference"; Value = "AXIAL-0.3"; VariantName = "[No Variations]"
Change component parameters (AddParameter): Name = "Published"; Value = "8-Jun-2000"; VariantName = "[No Variations]"
Change component parameters (AddParameter): Name = "Publisher"; Value = "Altium Limited"; VariantName = "[No Variations]"
Change component parameters (AddParameter): Name = "Value"; Value = "220"; VariantName = "[No Variations]"
Change component parameters: Designator = "R4" ("R4"); Footprint = "FP-HCJ1206-MFG"; UniqueID = "\CZEHQCMH" ("\CZEHQCMH")
Change component parameters (AddParameter): Name = "LatestRevisionDate"; Value = "17-Jul-2002"; VariantName = "[No Variations]"
Change component parameters (AddParameter): Name = "LatestRevisionNote"; Value = "Re-released for DXP Platform."; VariantName = "[No Variations]"
Change component parameters (AddParameter): Name = "PackageDescription"; Value = "Axial Device, Thru-Hole; 2 Leads; 0.3 in Pin Spacing"; VariantName = "[No Variations]"
Change component parameters (AddParameter): Name = "PackageReference"; Value = "AXIAL-0.3"; VariantName = "[No Variations]"
Change component parameters (AddParameter): Name = "Published"; Value = "8-Jun-2000"; VariantName = "[No Variations]"
Change component parameters (AddParameter): Name = "Publisher"; Value = "Altium Limited"; VariantName = "[No Variations]"
Change component parameters (AddParameter): Name = "Value"; Value = "1K"; VariantName = "[No Variations]"
