Removed Pin From Net: NetName=NetC4_1 Pin=Charge-2
Removed Pin From Net: NetName=NetC1_1 Pin=D1-1
Removed Pin From Net: NetName=GND Pin=D1-2
Removed Pin From Net: NetName=GND Pin=Done-1
Removed Pin From Net: NetName=NetC1_1 Pin=L1-1
Removed Pin From Net: NetName=NetC1_2 Pin=L1-2
Removed Pin From Net: NetName=NetC2_1 Pin=PWR-2
Removed Member From Class: ClassName=Sheet2 Member=PWR
Change Component Footprint: Designator=L1 Old Footprint=760308101219 New Footprint=760308101303
Change Component Footprint: Designator=C3 Old Footprint=CAPC1206(3216)100_L New Footprint=PNSC-CAP-10x20-P2
Change Component Footprint: Designator=C1 Old Footprint=CAPC2013X145X48ML20T23 New Footprint=CAPC1206(3216)170_M
Change Component Footprint: Designator=C2 Old Footprint=CAPC2013X145X48ML20T23 New Footprint=CAPC1206(3216)170_M
Change Component Footprint: Designator=C4 Old Footprint=CAPC2013X145X48ML20T23 New Footprint=CAPC1206(3216)170_M
Change Component Footprint: Designator=C5 Old Footprint=CAPC2013X145X48ML20T23 New Footprint=CAPC1206(3216)170_M
Change Component Footprint: Designator=C6 Old Footprint=CAPC2013X145X48ML20T23 New Footprint=CAPC1206(3216)170_M
Change Component Footprint: Designator=D1 Old Footprint=FP-BZY55B7V5_RBG-MFG New Footprint=FP-DO-41_Plastic-MFG
Change Component Footprint: Designator=D2 Old Footprint=FP-BZY55B7V5_RBG-MFG New Footprint=FP-DO-41_Plastic-MFG
Change Component Footprint: Designator=D3 Old Footprint=FP-BZY55B7V5_RBG-MFG New Footprint=FP-DO-41_Plastic-MFG
Change Component Footprint: Designator=D4 Old Footprint=FP-BZY55B7V5_RBG-MFG New Footprint=FP-DO-41_Plastic-MFG
Change Component Footprint: Designator=R1 Old Footprint=FP-ERA6A-MFG New Footprint=FP-HCJ1206-MFG
Change Component Footprint: Designator=R2 Old Footprint=FP-ERA6A-MFG New Footprint=FP-HCJ1206-MFG
Change Component Footprint: Designator=R3 Old Footprint=FP-ERA6A-MFG New Footprint=FP-HCJ1206-MFG
Change Component Footprint: Designator=R4 Old Footprint=FP-ERA6A-MFG New Footprint=FP-HCJ1206-MFG
Change Component Footprint: Designator=Charge Old Footprint=FP-LTST-C170AKT-MFG New Footprint=KING-WP7113SGD_V
Change Component Footprint: Designator=Done Old Footprint=FP-LTST-C170AKT-MFG New Footprint=KING-WP7113SGD_V
Change Component Comment : Designator=C4 Old Comment=10uF New Comment=10nF
Change Component Comment : Designator=C6 Old Comment=10uF New Comment=10nF
Change Component Comment : Designator=R1 Old Comment=220 New Comment=1K
Change Component Comment : Designator=L1 Old Comment=760308101219 New Comment=760308101303
Change Component Comment : Designator=C1 Old Comment=?nF New Comment=330nF
Change Component Comment : Designator=D1 Old Comment=BZY55B7V5 RBG New Comment=1N5819-T
Change Component Comment : Designator=D2 Old Comment=BZY55B7V5 RBG New Comment=1N5819-T
Change Component Comment : Designator=D3 Old Comment=BZY55B7V5 RBG New Comment=1N5819-T
Change Component Comment : Designator=D4 Old Comment=BZY55B7V5 RBG New Comment=1N5819-T
Change Component Comment : Designator=Charge Old Comment=LTST-C170AKT New Comment=WP7113SGD
Change Component Comment : Designator=Done Old Comment=LTST-C170AKT New Comment=WP7113SGD
Change Managed Component Library Link : Designator=C1 Old VaultGUID=B7D15EC3-160A-466F-A46C-7801FE6295A7 New VaultGUID=B7D15EC3-160A-466F-A46C-7801FE6295A7 Old ItemGUID=9A0664D4-C523-4CAE-8D36-758F3F68D179 New ItemGUID=15B338FB-56F2-47B7-BF0F-53BEBAF3F678 Old RevisionGUID=95E20BE2-5AC7-46C6-B25A-AC18270E8E32 New RevisionGUID=FF12053B-F96D-473B-BB7B-D8B0CAA717F2
Change Managed Component Library Link : Designator=C2 Old VaultGUID=B7D15EC3-160A-466F-A46C-7801FE6295A7 New VaultGUID=B7D15EC3-160A-466F-A46C-7801FE6295A7 Old ItemGUID=9A0664D4-C523-4CAE-8D36-758F3F68D179 New ItemGUID=15B338FB-56F2-47B7-BF0F-53BEBAF3F678 Old RevisionGUID=95E20BE2-5AC7-46C6-B25A-AC18270E8E32 New RevisionGUID=FF12053B-F96D-473B-BB7B-D8B0CAA717F2
Change Managed Component Library Link : Designator=C3 Old VaultGUID=B7D15EC3-160A-466F-A46C-7801FE6295A7 New VaultGUID=B7D15EC3-160A-466F-A46C-7801FE6295A7 Old ItemGUID=80186AB4-B426-4F3D-B60B-2257AAAF2674 New ItemGUID=A997B181-7DBC-4C76-A949-669702F41FA4 Old RevisionGUID=DDBF600A-3117-456E-BE34-B104F387A6A9 New RevisionGUID=91F0B256-D44B-47DD-B42F-04D3DF358EA8
Change Managed Component Library Link : Designator=C4 Old VaultGUID=B7D15EC3-160A-466F-A46C-7801FE6295A7 New VaultGUID=B7D15EC3-160A-466F-A46C-7801FE6295A7 Old ItemGUID=9A0664D4-C523-4CAE-8D36-758F3F68D179 New ItemGUID=15B338FB-56F2-47B7-BF0F-53BEBAF3F678 Old RevisionGUID=95E20BE2-5AC7-46C6-B25A-AC18270E8E32 New RevisionGUID=FF12053B-F96D-473B-BB7B-D8B0CAA717F2
Change Managed Component Library Link : Designator=C5 Old VaultGUID=B7D15EC3-160A-466F-A46C-7801FE6295A7 New VaultGUID=B7D15EC3-160A-466F-A46C-7801FE6295A7 Old ItemGUID=9A0664D4-C523-4CAE-8D36-758F3F68D179 New ItemGUID=15B338FB-56F2-47B7-BF0F-53BEBAF3F678 Old RevisionGUID=95E20BE2-5AC7-46C6-B25A-AC18270E8E32 New RevisionGUID=FF12053B-F96D-473B-BB7B-D8B0CAA717F2
Change Managed Component Library Link : Designator=C6 Old VaultGUID=B7D15EC3-160A-466F-A46C-7801FE6295A7 New VaultGUID=B7D15EC3-160A-466F-A46C-7801FE6295A7 Old ItemGUID=9A0664D4-C523-4CAE-8D36-758F3F68D179 New ItemGUID=15B338FB-56F2-47B7-BF0F-53BEBAF3F678 Old RevisionGUID=95E20BE2-5AC7-46C6-B25A-AC18270E8E32 New RevisionGUID=FF12053B-F96D-473B-BB7B-D8B0CAA717F2
Change Managed Component Library Link : Designator=Charge Old VaultGUID=B7D15EC3-160A-466F-A46C-7801FE6295A7 New VaultGUID=B7D15EC3-160A-466F-A46C-7801FE6295A7 Old ItemGUID=B29CF25C-5651-4A2A-9F0C-EA8EA4B57E5B New ItemGUID=EC258778-EB61-491B-A114-9F203A31BE49 Old RevisionGUID=ED030501-552F-4092-A033-090A73C61535 New RevisionGUID=EC8248C7-33E8-458F-B6B1-63084B8D8ADF
Change Managed Component Library Link : Designator=D1 Old VaultGUID=B7D15EC3-160A-466F-A46C-7801FE6295A7 New VaultGUID=B7D15EC3-160A-466F-A46C-7801FE6295A7 Old ItemGUID=32C98C32-F406-41B9-B581-F740B752AF49 New ItemGUID=18859B18-3525-415A-821E-5A63B82E5B0A Old RevisionGUID=8AD8A866-7D6A-4035-8E56-D1DD293B0604 New RevisionGUID=9E38FA1B-6969-4FEC-AB72-0C26E0533A15
Change Managed Component Library Link : Designator=D2 Old VaultGUID=B7D15EC3-160A-466F-A46C-7801FE6295A7 New VaultGUID=B7D15EC3-160A-466F-A46C-7801FE6295A7 Old ItemGUID=32C98C32-F406-41B9-B581-F740B752AF49 New ItemGUID=18859B18-3525-415A-821E-5A63B82E5B0A Old RevisionGUID=8AD8A866-7D6A-4035-8E56-D1DD293B0604 New RevisionGUID=9E38FA1B-6969-4FEC-AB72-0C26E0533A15
Change Managed Component Library Link : Designator=D3 Old VaultGUID=B7D15EC3-160A-466F-A46C-7801FE6295A7 New VaultGUID=B7D15EC3-160A-466F-A46C-7801FE6295A7 Old ItemGUID=32C98C32-F406-41B9-B581-F740B752AF49 New ItemGUID=18859B18-3525-415A-821E-5A63B82E5B0A Old RevisionGUID=8AD8A866-7D6A-4035-8E56-D1DD293B0604 New RevisionGUID=9E38FA1B-6969-4FEC-AB72-0C26E0533A15
Change Managed Component Library Link : Designator=D4 Old VaultGUID=B7D15EC3-160A-466F-A46C-7801FE6295A7 New VaultGUID=B7D15EC3-160A-466F-A46C-7801FE6295A7 Old ItemGUID=32C98C32-F406-41B9-B581-F740B752AF49 New ItemGUID=18859B18-3525-415A-821E-5A63B82E5B0A Old RevisionGUID=8AD8A866-7D6A-4035-8E56-D1DD293B0604 New RevisionGUID=9E38FA1B-6969-4FEC-AB72-0C26E0533A15
Change Managed Component Library Link : Designator=Done Old VaultGUID=B7D15EC3-160A-466F-A46C-7801FE6295A7 New VaultGUID=B7D15EC3-160A-466F-A46C-7801FE6295A7 Old ItemGUID=B29CF25C-5651-4A2A-9F0C-EA8EA4B57E5B New ItemGUID=EC258778-EB61-491B-A114-9F203A31BE49 Old RevisionGUID=ED030501-552F-4092-A033-090A73C61535 New RevisionGUID=EC8248C7-33E8-458F-B6B1-63084B8D8ADF
Change Managed Component Library Link : Designator=L1 Old VaultGUID=B7D15EC3-160A-466F-A46C-7801FE6295A7 New VaultGUID=B7D15EC3-160A-466F-A46C-7801FE6295A7 Old ItemGUID=F0912000-BE3E-4293-AFC3-E0E276B658E1 New ItemGUID=D6F0B759-C5C5-4B46-92FF-2E407559BBA6 Old RevisionGUID=4B6A313A-AF76-4EC4-BC49-AC8E7466FDB5 New RevisionGUID=C3A81DF8-AABA-47F9-8432-1AB172EAE1D4
Change Managed Component Library Link : Designator=R1 Old VaultGUID=B7D15EC3-160A-466F-A46C-7801FE6295A7 New VaultGUID=B7D15EC3-160A-466F-A46C-7801FE6295A7 Old ItemGUID=50843D06-66F5-44F5-8E3D-F63D1379E74B New ItemGUID=9D2D13BB-3A42-4A29-A06C-CDAE7B4902CA Old RevisionGUID=26008923-E3F8-4371-A897-3E6B01B638F7 New RevisionGUID=AAF34028-5946-42E2-85AF-B647F44E3FF1
Change Managed Component Library Link : Designator=R2 Old VaultGUID=B7D15EC3-160A-466F-A46C-7801FE6295A7 New VaultGUID=B7D15EC3-160A-466F-A46C-7801FE6295A7 Old ItemGUID=50843D06-66F5-44F5-8E3D-F63D1379E74B New ItemGUID=9D2D13BB-3A42-4A29-A06C-CDAE7B4902CA Old RevisionGUID=26008923-E3F8-4371-A897-3E6B01B638F7 New RevisionGUID=AAF34028-5946-42E2-85AF-B647F44E3FF1
Change Managed Component Library Link : Designator=R3 Old VaultGUID=B7D15EC3-160A-466F-A46C-7801FE6295A7 New VaultGUID=B7D15EC3-160A-466F-A46C-7801FE6295A7 Old ItemGUID=50843D06-66F5-44F5-8E3D-F63D1379E74B New ItemGUID=9D2D13BB-3A42-4A29-A06C-CDAE7B4902CA Old RevisionGUID=26008923-E3F8-4371-A897-3E6B01B638F7 New RevisionGUID=AAF34028-5946-42E2-85AF-B647F44E3FF1
Change Managed Component Library Link : Designator=R4 Old VaultGUID=B7D15EC3-160A-466F-A46C-7801FE6295A7 New VaultGUID=B7D15EC3-160A-466F-A46C-7801FE6295A7 Old ItemGUID=50843D06-66F5-44F5-8E3D-F63D1379E74B New ItemGUID=9D2D13BB-3A42-4A29-A06C-CDAE7B4902CA Old RevisionGUID=26008923-E3F8-4371-A897-3E6B01B638F7 New RevisionGUID=AAF34028-5946-42E2-85AF-B647F44E3FF1
Change component parameters: Designator = "C1" ("C1"); Footprint = "CAPC2013X145X48ML20T23"; UniqueID = "\SAIXDRVN" ("\SAIXDRVN")
Change component parameters (AddParameter): Name = "Case-EIA"; Value = "1206"; VariantName = "[No Variations]"
Change component parameters (AddParameter): Name = "Case-Metric"; Value = "3216"; VariantName = "[No Variations]"
Change component parameters (AddParameter): Name = "Max Thickness"; Value = "1.7 mm"; VariantName = "[No Variations]"
Change component parameters (AddParameter): Name = "Rated Voltage"; Value = "50 V"; VariantName = "[No Variations]"
Change component parameters (AddParameter): Name = "Technology"; Value = "SMT"; VariantName = "[No Variations]"
Change component parameters (AddParameter): Name = "Tolerance"; Value = "?ˇŔ10%"; VariantName = "[No Variations]"
Change component parameters (AddParameter): Name = "Value"; Value = "6.8nF"; VariantName = "[No Variations]"
Change component parameters: Designator = "C2" ("C2"); Footprint = "CAPC2013X145X48ML20T23"; UniqueID = "\EGEKDQBP" ("\EGEKDQBP")
Change component parameters (AddParameter): Name = "Case-EIA"; Value = "1206"; VariantName = "[No Variations]"
Change component parameters (AddParameter): Name = "Case-Metric"; Value = "3216"; VariantName = "[No Variations]"
Change component parameters (AddParameter): Name = "Max Thickness"; Value = "1.7 mm"; VariantName = "[No Variations]"
Change component parameters (AddParameter): Name = "Rated Voltage"; Value = "50 V"; VariantName = "[No Variations]"
Change component parameters (AddParameter): Name = "Technology"; Value = "SMT"; VariantName = "[No Variations]"
Change component parameters (AddParameter): Name = "Tolerance"; Value = "?ˇŔ10%"; VariantName = "[No Variations]"
Change component parameters (AddParameter): Name = "Value"; Value = "6.8nF"; VariantName = "[No Variations]"
Change component parameters: Designator = "C3" ("C3"); Footprint = "CAPC1206(3216)100_L"; UniqueID = "\WPYRMLXR" ("\WPYRMLXR")
Change component parameters (AddParameter): Name = "Capacitance"; Value = "470¦ĚF"; VariantName = "[No Variations]"
Change component parameters (AddParameter): Name = "Case Size/Dimension"; Value = "?10x20mm"; VariantName = "[No Variations]"
Change component parameters (AddParameter): Name = "Datasheet URL"; Value = "http://www.alliedelec.com/images/products/datasheets/bm/Panasonic/70067776.pdf"; VariantName = "[No Variations]"
Change component parameters (AddParameter): Name = "Datasheet Version"; Value = "Nov-12"; VariantName = "[No Variations]"
Change component parameters (AddParameter): Name = "Lifetime@Temperature"; Value = "2000Hrs@105degC"; VariantName = "[No Variations]"
Change component parameters (AddParameter): Name = "Manufacturer"; Value = "Panasonic"; VariantName = "[No Variations]"
Change component parameters (AddParameter): Name = "Manufacturer URL"; Value = "http://www.panasonic.com/"; VariantName = "[No Variations]"
Change component parameters (AddParameter): Name = "Operating Temp Range"; Value = "-55to+105degC"; VariantName = "[No Variations]"
Change component parameters (AddParameter): Name = "Operating Temp-Max"; Value = "105degC"; VariantName = "[No Variations]"
Change component parameters (AddParameter): Name = "Package Description"; Value = "2-Pin Through Hole Device, Dia 10 mm, Body Length 20 mm, Pin Spacing 5 mm"; VariantName = "[No Variations]"
Change component parameters (AddParameter): Name = "Package Reference"; Value = "CAP-10x20-P2"; VariantName = "[No Variations]"
Change component parameters (AddParameter): Name = "Package URL"; Value = "http://www.alliedelec.com/images/products/datasheets/bm/Panasonic/70067776.pdf"; VariantName = "[No Variations]"
Change component parameters (AddParameter): Name = "Package Version"; Value = "Nov-12"; VariantName = "[No Variations]"
Change component parameters (AddParameter): Name = "Rated Voltage"; Value = "50V"; VariantName = "[No Variations]"
Change component parameters (AddParameter): Name = "Ripple Current"; Value = "530mA"; VariantName = "[No Variations]"
Change component parameters (AddParameter): Name = "Series"; Value = "NHG"; VariantName = "[No Variations]"
Change component parameters (AddParameter): Name = "Type"; Value = "Radial"; VariantName = "[No Variations]"
Change component parameters: Designator = "C4" ("C4"); Footprint = "CAPC2013X145X48ML20T23"; UniqueID = "\IBTDEBWD" ("\IBTDEBWD")
Change component parameters (AddParameter): Name = "Case-EIA"; Value = "1206"; VariantName = "[No Variations]"
Change component parameters (AddParameter): Name = "Case-Metric"; Value = "3216"; VariantName = "[No Variations]"
Change component parameters (AddParameter): Name = "Max Thickness"; Value = "1.7 mm"; VariantName = "[No Variations]"
Change component parameters (AddParameter): Name = "Rated Voltage"; Value = "50 V"; VariantName = "[No Variations]"
Change component parameters (AddParameter): Name = "Technology"; Value = "SMT"; VariantName = "[No Variations]"
Change component parameters (AddParameter): Name = "Tolerance"; Value = "?ˇŔ10%"; VariantName = "[No Variations]"
Change component parameters (AddParameter): Name = "Value"; Value = "6.8nF"; VariantName = "[No Variations]"
Change component parameters: Designator = "C5" ("C5"); Footprint = "CAPC2013X145X48ML20T23"; UniqueID = "\JIUMFJEF" ("\JIUMFJEF")
Change component parameters (AddParameter): Name = "Case-EIA"; Value = "1206"; VariantName = "[No Variations]"
Change component parameters (AddParameter): Name = "Case-Metric"; Value = "3216"; VariantName = "[No Variations]"
Change component parameters (AddParameter): Name = "Max Thickness"; Value = "1.7 mm"; VariantName = "[No Variations]"
Change component parameters (AddParameter): Name = "Rated Voltage"; Value = "50 V"; VariantName = "[No Variations]"
Change component parameters (AddParameter): Name = "Technology"; Value = "SMT"; VariantName = "[No Variations]"
Change component parameters (AddParameter): Name = "Tolerance"; Value = "?ˇŔ10%"; VariantName = "[No Variations]"
Change component parameters (AddParameter): Name = "Value"; Value = "6.8nF"; VariantName = "[No Variations]"
Change component parameters: Designator = "C6" ("C6"); Footprint = "CAPC2013X145X48ML20T23"; UniqueID = "\IIFAFPTE" ("\IIFAFPTE")
Change component parameters (AddParameter): Name = "Case-EIA"; Value = "1206"; VariantName = "[No Variations]"
Change component parameters (AddParameter): Name = "Case-Metric"; Value = "3216"; VariantName = "[No Variations]"
Change component parameters (AddParameter): Name = "Max Thickness"; Value = "1.7 mm"; VariantName = "[No Variations]"
Change component parameters (AddParameter): Name = "Rated Voltage"; Value = "50 V"; VariantName = "[No Variations]"
Change component parameters (AddParameter): Name = "Technology"; Value = "SMT"; VariantName = "[No Variations]"
Change component parameters (AddParameter): Name = "Tolerance"; Value = "?ˇŔ10%"; VariantName = "[No Variations]"
Change component parameters (AddParameter): Name = "Value"; Value = "6.8nF"; VariantName = "[No Variations]"
Change component parameters: Designator = "Charge" ("Charge"); Footprint = "FP-LTST-C170AKT-MFG"; UniqueID = "\KSYPKDHX" ("\KSYPKDHX")
Change component parameters (AddParameter): Name = "Case/Package"; Value = "Radial"; VariantName = "[No Variations]"
Change component parameters (AddParameter): Name = "Colour"; Value = "Green"; VariantName = "[No Variations]"
Change component parameters (AddParameter): Name = "Datasheet URL"; Value = "http://www.kingbrightusa.com/images/catalog/SPEC/WP7113SGD.pdf"; VariantName = "[No Variations]"
Change component parameters (AddParameter): Name = "Datasheet Version"; Value = "Rev. 6B, 01/2015"; VariantName = "[No Variations]"
Change component parameters (AddParameter): Name = "Dominant Wavelength"; Value = "568nm"; VariantName = "[No Variations]"
Change component parameters (AddParameter): Name = "Forward Voltage"; Value = "2.2V"; VariantName = "[No Variations]"
Change component parameters (AddParameter): Name = "Height"; Value = "8.6mm"; VariantName = "[No Variations]"
Change component parameters (AddParameter): Name = "Illumination Colour"; Value = "Green"; VariantName = "[No Variations]"
Change component parameters (AddParameter): Name = "Lead Free"; Value = "LeadFree"; VariantName = "[No Variations]"
Change component parameters (AddParameter): Name = "Lens Style"; Value = "Tinted"; VariantName = "[No Variations]"
Change component parameters (AddParameter): Name = "Luminous Intensity"; Value = "40mcd"; VariantName = "[No Variations]"
Change component parameters (AddParameter): Name = "Manufacturer"; Value = "Kingbright"; VariantName = "[No Variations]"
Change component parameters (AddParameter): Name = "Package Description"; Value = "2-Pin Through Hole Device, Dia 5.9 mm, Body Length 8.6 mm"; VariantName = "[No Variations]"
Change component parameters (AddParameter): Name = "Package Quantity"; Value = "1000"; VariantName = "[No Variations]"
Change component parameters (AddParameter): Name = "Package Reference"; Value = "WP7113SGD"; VariantName = "[No Variations]"
Change component parameters (AddParameter): Name = "Packaging"; Value = "Bulk"; VariantName = "[No Variations]"
Change component parameters (AddParameter): Name = "RoHSCompliant"; Value = "true"; VariantName = "[No Variations]"
Change component parameters (AddParameter): Name = "Test Current"; Value = "20mA"; VariantName = "[No Variations]"
Change component parameters (AddParameter): Name = "Viewing Angle"; Value = "30degrees"; VariantName = "[No Variations]"
Change component parameters (AddParameter): Name = "Wavelength"; Value = "568nm"; VariantName = "[No Variations]"
Change component parameters: Designator = "D1" ("D1"); Footprint = "FP-BZY55B7V5_RBG-MFG"; UniqueID = "\YJDXAFHE" ("\YJDXAFHE")
Change component parameters (AddParameter): Name = "Automotive"; Value = "No"; VariantName = "[No Variations]"
Change component parameters (AddParameter): Name = "Capacitance"; Value = "110 pF"; VariantName = "[No Variations]"
Change component parameters (AddParameter): Name = "Category"; Value = "Diode"; VariantName = "[No Variations]"
Change component parameters (AddParameter): Name = "ComponentLink2Description"; Value = "Datasheet"; VariantName = "[No Variations]"
Change component parameters (AddParameter): Name = "ComponentLink2URL"; Value = "https://www.diodes.com/assets/Datasheets/ds23001.pdf"; VariantName = "[No Variations]"
Change component parameters (AddParameter): Name = "Device Class L1"; Value = "Discrete Semiconductors"; VariantName = "[No Variations]"
Change component parameters (AddParameter): Name = "Device Class L2"; Value = "Diodes"; VariantName = "[No Variations]"
Change component parameters (AddParameter): Name = "Device Class L3"; Value = "Schottky Diodes"; VariantName = "[No Variations]"
Change component parameters (AddParameter): Name = "Digikey Description"; Value = "DIODE SCHOTTKY 40V 1A DO41"; VariantName = "[No Variations]"
Change component parameters (AddParameter): Name = "Footprint Url"; Value = "https://www.diodes.com/assets/Package-Files/DO-41-Plastic.pdf"; VariantName = "[No Variations]"
Change component parameters (AddParameter): Name = "Forward Current"; Value = "1A"; VariantName = "[No Variations]"
Change component parameters (AddParameter): Name = "Height"; Value = "2.72mm"; VariantName = "[No Variations]"
Change component parameters (AddParameter): Name = "Ipc Land Pattern Name"; Value = "DIOPA1091W105L521D272"; VariantName = "[No Variations]"
Change component parameters (AddParameter): Name = "Lead Free"; Value = "Yes"; VariantName = "[No Variations]"
Change component parameters (AddParameter): Name = "Manufacturer"; Value = "Diodes Inc."; VariantName = "[No Variations]"
Change component parameters (AddParameter): Name = "Manufacturer Part Number"; Value = "1N5819-T"; VariantName = "[No Variations]"
Change component parameters (AddParameter): Name = "Max Junction Temp"; Value = "+125ˇăC"; VariantName = "[No Variations]"
Change component parameters (AddParameter): Name = "Max Repetitive Reverse Voltage"; Value = "40V"; VariantName = "[No Variations]"
Change component parameters (AddParameter): Name = "Max Surge Forward Current"; Value = "25A"; VariantName = "[No Variations]"
Change component parameters (AddParameter): Name = "Mouser Description"; Value = "Schottky Diodes & Rectifiers Vr/40V Io/1A T/R"; VariantName = "[No Variations]"
Change component parameters (AddParameter): Name = "Octopart"; Value = "https://octopart.com/1n5819-t-diodes+inc.-55389586"; VariantName = "[No Variations]"
Change component parameters (AddParameter): Name = "Package"; Value = "DO-41 (Plastic)"; VariantName = "[No Variations]"
Change component parameters (AddParameter): Name = "Peak Reverse Current"; Value = "1mA"; VariantName = "[No Variations]"
Change component parameters (AddParameter): Name = "Reverse Voltage"; Value = "40V"; VariantName = "[No Variations]"
Change component parameters (AddParameter): Name = "RoHS"; Value = "TRUE"; VariantName = "[No Variations]"
Change component parameters (AddParameter): Name = "Temperature"; Value = "-65ˇăC to +125ˇăC"; VariantName = "[No Variations]"
Change component parameters (AddParameter): Name = "Temperature Range High"; Value = "+125ˇăC"; VariantName = "[No Variations]"
Change component parameters (AddParameter): Name = "Temperature Range Low"; Value = "-65ˇăC"; VariantName = "[No Variations]"
Change component parameters (AddParameter): Name = "Value"; Value = "110 pF"; VariantName = "[No Variations]"
Change component parameters: Designator = "D2" ("D2"); Footprint = "FP-BZY55B7V5_RBG-MFG"; UniqueID = "\RKMZFBOH" ("\RKMZFBOH")
Change component parameters (AddParameter): Name = "Automotive"; Value = "No"; VariantName = "[No Variations]"
Change component parameters (AddParameter): Name = "Capacitance"; Value = "110 pF"; VariantName = "[No Variations]"
Change component parameters (AddParameter): Name = "Category"; Value = "Diode"; VariantName = "[No Variations]"
Change component parameters (AddParameter): Name = "ComponentLink2Description"; Value = "Datasheet"; VariantName = "[No Variations]"
Change component parameters (AddParameter): Name = "ComponentLink2URL"; Value = "https://www.diodes.com/assets/Datasheets/ds23001.pdf"; VariantName = "[No Variations]"
Change component parameters (AddParameter): Name = "Device Class L1"; Value = "Discrete Semiconductors"; VariantName = "[No Variations]"
Change component parameters (AddParameter): Name = "Device Class L2"; Value = "Diodes"; VariantName = "[No Variations]"
Change component parameters (AddParameter): Name = "Device Class L3"; Value = "Schottky Diodes"; VariantName = "[No Variations]"
Change component parameters (AddParameter): Name = "Digikey Description"; Value = "DIODE SCHOTTKY 40V 1A DO41"; VariantName = "[No Variations]"
Change component parameters (AddParameter): Name = "Footprint Url"; Value = "https://www.diodes.com/assets/Package-Files/DO-41-Plastic.pdf"; VariantName = "[No Variations]"
Change component parameters (AddParameter): Name = "Forward Current"; Value = "1A"; VariantName = "[No Variations]"
Change component parameters (AddParameter): Name = "Height"; Value = "2.72mm"; VariantName = "[No Variations]"
Change component parameters (AddParameter): Name = "Ipc Land Pattern Name"; Value = "DIOPA1091W105L521D272"; VariantName = "[No Variations]"
Change component parameters (AddParameter): Name = "Lead Free"; Value = "Yes"; VariantName = "[No Variations]"
Change component parameters (AddParameter): Name = "Manufacturer"; Value = "Diodes Inc."; VariantName = "[No Variations]"
Change component parameters (AddParameter): Name = "Manufacturer Part Number"; Value = "1N5819-T"; VariantName = "[No Variations]"
Change component parameters (AddParameter): Name = "Max Junction Temp"; Value = "+125ˇăC"; VariantName = "[No Variations]"
Change component parameters (AddParameter): Name = "Max Repetitive Reverse Voltage"; Value = "40V"; VariantName = "[No Variations]"
Change component parameters (AddParameter): Name = "Max Surge Forward Current"; Value = "25A"; VariantName = "[No Variations]"
Change component parameters (AddParameter): Name = "Mouser Description"; Value = "Schottky Diodes & Rectifiers Vr/40V Io/1A T/R"; VariantName = "[No Variations]"
Change component parameters (AddParameter): Name = "Octopart"; Value = "https://octopart.com/1n5819-t-diodes+inc.-55389586"; VariantName = "[No Variations]"
Change component parameters (AddParameter): Name = "Package"; Value = "DO-41 (Plastic)"; VariantName = "[No Variations]"
Change component parameters (AddParameter): Name = "Peak Reverse Current"; Value = "1mA"; VariantName = "[No Variations]"
Change component parameters (AddParameter): Name = "Reverse Voltage"; Value = "40V"; VariantName = "[No Variations]"
Change component parameters (AddParameter): Name = "RoHS"; Value = "TRUE"; VariantName = "[No Variations]"
Change component parameters (AddParameter): Name = "Temperature"; Value = "-65ˇăC to +125ˇăC"; VariantName = "[No Variations]"
Change component parameters (AddParameter): Name = "Temperature Range High"; Value = "+125ˇăC"; VariantName = "[No Variations]"
Change component parameters (AddParameter): Name = "Temperature Range Low"; Value = "-65ˇăC"; VariantName = "[No Variations]"
Change component parameters (AddParameter): Name = "Value"; Value = "110 pF"; VariantName = "[No Variations]"
Change component parameters: Designator = "D3" ("D3"); Footprint = "FP-BZY55B7V5_RBG-MFG"; UniqueID = "\JFLZXYZY" ("\JFLZXYZY")
Change component parameters (AddParameter): Name = "Automotive"; Value = "No"; VariantName = "[No Variations]"
Change component parameters (AddParameter): Name = "Capacitance"; Value = "110 pF"; VariantName = "[No Variations]"
Change component parameters (AddParameter): Name = "Category"; Value = "Diode"; VariantName = "[No Variations]"
Change component parameters (AddParameter): Name = "ComponentLink2Description"; Value = "Datasheet"; VariantName = "[No Variations]"
Change component parameters (AddParameter): Name = "ComponentLink2URL"; Value = "https://www.diodes.com/assets/Datasheets/ds23001.pdf"; VariantName = "[No Variations]"
Change component parameters (AddParameter): Name = "Device Class L1"; Value = "Discrete Semiconductors"; VariantName = "[No Variations]"
Change component parameters (AddParameter): Name = "Device Class L2"; Value = "Diodes"; VariantName = "[No Variations]"
Change component parameters (AddParameter): Name = "Device Class L3"; Value = "Schottky Diodes"; VariantName = "[No Variations]"
Change component parameters (AddParameter): Name = "Digikey Description"; Value = "DIODE SCHOTTKY 40V 1A DO41"; VariantName = "[No Variations]"
Change component parameters (AddParameter): Name = "Footprint Url"; Value = "https://www.diodes.com/assets/Package-Files/DO-41-Plastic.pdf"; VariantName = "[No Variations]"
Change component parameters (AddParameter): Name = "Forward Current"; Value = "1A"; VariantName = "[No Variations]"
Change component parameters (AddParameter): Name = "Height"; Value = "2.72mm"; VariantName = "[No Variations]"
Change component parameters (AddParameter): Name = "Ipc Land Pattern Name"; Value = "DIOPA1091W105L521D272"; VariantName = "[No Variations]"
Change component parameters (AddParameter): Name = "Lead Free"; Value = "Yes"; VariantName = "[No Variations]"
Change component parameters (AddParameter): Name = "Manufacturer"; Value = "Diodes Inc."; VariantName = "[No Variations]"
Change component parameters (AddParameter): Name = "Manufacturer Part Number"; Value = "1N5819-T"; VariantName = "[No Variations]"
Change component parameters (AddParameter): Name = "Max Junction Temp"; Value = "+125ˇăC"; VariantName = "[No Variations]"
Change component parameters (AddParameter): Name = "Max Repetitive Reverse Voltage"; Value = "40V"; VariantName = "[No Variations]"
Change component parameters (AddParameter): Name = "Max Surge Forward Current"; Value = "25A"; VariantName = "[No Variations]"
Change component parameters (AddParameter): Name = "Mouser Description"; Value = "Schottky Diodes & Rectifiers Vr/40V Io/1A T/R"; VariantName = "[No Variations]"
Change component parameters (AddParameter): Name = "Octopart"; Value = "https://octopart.com/1n5819-t-diodes+inc.-55389586"; VariantName = "[No Variations]"
Change component parameters (AddParameter): Name = "Package"; Value = "DO-41 (Plastic)"; VariantName = "[No Variations]"
Change component parameters (AddParameter): Name = "Peak Reverse Current"; Value = "1mA"; VariantName = "[No Variations]"
Change component parameters (AddParameter): Name = "Reverse Voltage"; Value = "40V"; VariantName = "[No Variations]"
Change component parameters (AddParameter): Name = "RoHS"; Value = "TRUE"; VariantName = "[No Variations]"
Change component parameters (AddParameter): Name = "Temperature"; Value = "-65ˇăC to +125ˇăC"; VariantName = "[No Variations]"
Change component parameters (AddParameter): Name = "Temperature Range High"; Value = "+125ˇăC"; VariantName = "[No Variations]"
Change component parameters (AddParameter): Name = "Temperature Range Low"; Value = "-65ˇăC"; VariantName = "[No Variations]"
Change component parameters (AddParameter): Name = "Value"; Value = "110 pF"; VariantName = "[No Variations]"
Change component parameters: Designator = "D4" ("D4"); Footprint = "FP-BZY55B7V5_RBG-MFG"; UniqueID = "\TLWHYIIE" ("\TLWHYIIE")
Change component parameters (AddParameter): Name = "Automotive"; Value = "No"; VariantName = "[No Variations]"
Change component parameters (AddParameter): Name = "Capacitance"; Value = "110 pF"; VariantName = "[No Variations]"
Change component parameters (AddParameter): Name = "Category"; Value = "Diode"; VariantName = "[No Variations]"
Change component parameters (AddParameter): Name = "ComponentLink2Description"; Value = "Datasheet"; VariantName = "[No Variations]"
Change component parameters (AddParameter): Name = "ComponentLink2URL"; Value = "https://www.diodes.com/assets/Datasheets/ds23001.pdf"; VariantName = "[No Variations]"
Change component parameters (AddParameter): Name = "Device Class L1"; Value = "Discrete Semiconductors"; VariantName = "[No Variations]"
Change component parameters (AddParameter): Name = "Device Class L2"; Value = "Diodes"; VariantName = "[No Variations]"
Change component parameters (AddParameter): Name = "Device Class L3"; Value = "Schottky Diodes"; VariantName = "[No Variations]"
Change component parameters (AddParameter): Name = "Digikey Description"; Value = "DIODE SCHOTTKY 40V 1A DO41"; VariantName = "[No Variations]"
Change component parameters (AddParameter): Name = "Footprint Url"; Value = "https://www.diodes.com/assets/Package-Files/DO-41-Plastic.pdf"; VariantName = "[No Variations]"
Change component parameters (AddParameter): Name = "Forward Current"; Value = "1A"; VariantName = "[No Variations]"
Change component parameters (AddParameter): Name = "Height"; Value = "2.72mm"; VariantName = "[No Variations]"
Change component parameters (AddParameter): Name = "Ipc Land Pattern Name"; Value = "DIOPA1091W105L521D272"; VariantName = "[No Variations]"
Change component parameters (AddParameter): Name = "Lead Free"; Value = "Yes"; VariantName = "[No Variations]"
Change component parameters (AddParameter): Name = "Manufacturer"; Value = "Diodes Inc."; VariantName = "[No Variations]"
Change component parameters (AddParameter): Name = "Manufacturer Part Number"; Value = "1N5819-T"; VariantName = "[No Variations]"
Change component parameters (AddParameter): Name = "Max Junction Temp"; Value = "+125ˇăC"; VariantName = "[No Variations]"
Change component parameters (AddParameter): Name = "Max Repetitive Reverse Voltage"; Value = "40V"; VariantName = "[No Variations]"
Change component parameters (AddParameter): Name = "Max Surge Forward Current"; Value = "25A"; VariantName = "[No Variations]"
Change component parameters (AddParameter): Name = "Mouser Description"; Value = "Schottky Diodes & Rectifiers Vr/40V Io/1A T/R"; VariantName = "[No Variations]"
Change component parameters (AddParameter): Name = "Octopart"; Value = "https://octopart.com/1n5819-t-diodes+inc.-55389586"; VariantName = "[No Variations]"
Change component parameters (AddParameter): Name = "Package"; Value = "DO-41 (Plastic)"; VariantName = "[No Variations]"
Change component parameters (AddParameter): Name = "Peak Reverse Current"; Value = "1mA"; VariantName = "[No Variations]"
Change component parameters (AddParameter): Name = "Reverse Voltage"; Value = "40V"; VariantName = "[No Variations]"
Change component parameters (AddParameter): Name = "RoHS"; Value = "TRUE"; VariantName = "[No Variations]"
Change component parameters (AddParameter): Name = "Temperature"; Value = "-65ˇăC to +125ˇăC"; VariantName = "[No Variations]"
Change component parameters (AddParameter): Name = "Temperature Range High"; Value = "+125ˇăC"; VariantName = "[No Variations]"
Change component parameters (AddParameter): Name = "Temperature Range Low"; Value = "-65ˇăC"; VariantName = "[No Variations]"
Change component parameters (AddParameter): Name = "Value"; Value = "110 pF"; VariantName = "[No Variations]"
Change component parameters: Designator = "Done" ("Done"); Footprint = "FP-LTST-C170AKT-MFG"; UniqueID = "\ZJIYZLNP" ("\ZJIYZLNP")
Change component parameters (AddParameter): Name = "Case/Package"; Value = "Radial"; VariantName = "[No Variations]"
Change component parameters (AddParameter): Name = "Colour"; Value = "Green"; VariantName = "[No Variations]"
Change component parameters (AddParameter): Name = "Datasheet URL"; Value = "http://www.kingbrightusa.com/images/catalog/SPEC/WP7113SGD.pdf"; VariantName = "[No Variations]"
Change component parameters (AddParameter): Name = "Datasheet Version"; Value = "Rev. 6B, 01/2015"; VariantName = "[No Variations]"
Change component parameters (AddParameter): Name = "Dominant Wavelength"; Value = "568nm"; VariantName = "[No Variations]"
Change component parameters (AddParameter): Name = "Forward Voltage"; Value = "2.2V"; VariantName = "[No Variations]"
Change component parameters (AddParameter): Name = "Height"; Value = "8.6mm"; VariantName = "[No Variations]"
Change component parameters (AddParameter): Name = "Illumination Colour"; Value = "Green"; VariantName = "[No Variations]"
Change component parameters (AddParameter): Name = "Lead Free"; Value = "LeadFree"; VariantName = "[No Variations]"
Change component parameters (AddParameter): Name = "Lens Style"; Value = "Tinted"; VariantName = "[No Variations]"
Change component parameters (AddParameter): Name = "Luminous Intensity"; Value = "40mcd"; VariantName = "[No Variations]"
Change component parameters (AddParameter): Name = "Manufacturer"; Value = "Kingbright"; VariantName = "[No Variations]"
Change component parameters (AddParameter): Name = "Package Description"; Value = "2-Pin Through Hole Device, Dia 5.9 mm, Body Length 8.6 mm"; VariantName = "[No Variations]"
Change component parameters (AddParameter): Name = "Package Quantity"; Value = "1000"; VariantName = "[No Variations]"
Change component parameters (AddParameter): Name = "Package Reference"; Value = "WP7113SGD"; VariantName = "[No Variations]"
Change component parameters (AddParameter): Name = "Packaging"; Value = "Bulk"; VariantName = "[No Variations]"
Change component parameters (AddParameter): Name = "RoHSCompliant"; Value = "true"; VariantName = "[No Variations]"
Change component parameters (AddParameter): Name = "Test Current"; Value = "20mA"; VariantName = "[No Variations]"
Change component parameters (AddParameter): Name = "Viewing Angle"; Value = "30degrees"; VariantName = "[No Variations]"
Change component parameters (AddParameter): Name = "Wavelength"; Value = "568nm"; VariantName = "[No Variations]"
Change component parameters: Designator = "L1" ("L1"); Footprint = "760308101219"; UniqueID = "\ANPHVTUY" ("\ANPHVTUY")
Change component parameters (AddParameter): Name = "Current Rating"; Value = "1.5A"; VariantName = "[No Variations]"
Change component parameters (AddParameter): Name = "DC Resistance (DCR)"; Value = "460m¦¸"; VariantName = "[No Variations]"
Change component parameters (AddParameter): Name = "Diameter"; Value = "26.3mm"; VariantName = "[No Variations]"
Change component parameters (AddParameter): Name = "Height"; Value = "1.3mm"; VariantName = "[No Variations]"
Change component parameters (AddParameter): Name = "Inductance"; Value = "47¦ĚH"; VariantName = "[No Variations]"
Change component parameters (AddParameter): Name = "Inductance Tolerance"; Value = "10%"; VariantName = "[No Variations]"
Change component parameters (AddParameter): Name = "Length"; Value = "25mm"; VariantName = "[No Variations]"
Change component parameters (AddParameter): Name = "Logic Function"; Value = "Receiver"; VariantName = "[No Variations]"
Change component parameters (AddParameter): Name = "Max Operating Temperature"; Value = "105ˇăC"; VariantName = "[No Variations]"
Change component parameters (AddParameter): Name = "Min Operating Temperature"; Value = "-20ˇăC"; VariantName = "[No Variations]"
Change component parameters (AddParameter): Name = "Number of Pins"; Value = "2"; VariantName = "[No Variations]"
Change component parameters (AddParameter): Name = "Q Factor"; Value = "25"; VariantName = "[No Variations]"
Change component parameters (AddParameter): Name = "REACH SVHC"; Value = "Unknown"; VariantName = "[No Variations]"
Change component parameters (AddParameter): Name = "Resistance"; Value = "500m¦¸"; VariantName = "[No Variations]"
Change component parameters (AddParameter): Name = "RoHS"; Value = "Compliant"; VariantName = "[No Variations]"
Change component parameters (AddParameter): Name = "Saturation Current"; Value = "3A"; VariantName = "[No Variations]"
Change component parameters (AddParameter): Name = "Self Resonant Frequency"; Value = "8MHz"; VariantName = "[No Variations]"
Change component parameters (AddParameter): Name = "Tolerance"; Value = "10%"; VariantName = "[No Variations]"
Change component parameters (AddParameter): Name = "Width"; Value = "25mm"; VariantName = "[No Variations]"
Change component parameters: Designator = "R1" ("R1"); Footprint = "FP-ERA6A-MFG"; UniqueID = "\KILVAXXH" ("\KILVAXXH")
Change component parameters (AddParameter): Name = "Case Code (Imperial)"; Value = "1206"; VariantName = "[No Variations]"
Change component parameters (AddParameter): Name = "Case Code (Metric)"; Value = "3216"; VariantName = "[No Variations]"
Change component parameters (AddParameter): Name = "Case/Package"; Value = "1206"; VariantName = "[No Variations]"
Change component parameters (AddParameter): Name = "Features"; Value = "Automotive AEC-Q200"; VariantName = "[No Variations]"
Change component parameters (AddParameter): Name = "Height"; Value = "0.026inch"; VariantName = "[No Variations]"
Change component parameters (AddParameter): Name = "Length"; Value = "0.122inch"; VariantName = "[No Variations]"
Change component parameters (AddParameter): Name = "Max Operating Temperature"; Value = "155ˇăC"; VariantName = "[No Variations]"
Change component parameters (AddParameter): Name = "Min Operating Temperature"; Value = "-55ˇăC"; VariantName = "[No Variations]"
Change component parameters (AddParameter): Name = "Mount"; Value = "Surface Mount"; VariantName = "[No Variations]"
Change component parameters (AddParameter): Name = "Number of Terminations"; Value = "2"; VariantName = "[No Variations]"
Change component parameters (AddParameter): Name = "Package Quantity"; Value = "5000"; VariantName = "[No Variations]"
Change component parameters (AddParameter): Name = "Packaging"; Value = "Tape and Reel"; VariantName = "[No Variations]"
Change component parameters (AddParameter): Name = "Radiation Hardening"; Value = "No"; VariantName = "[No Variations]"
Change component parameters (AddParameter): Name = "Resistance"; Value = "0mR"; VariantName = "[No Variations]"
Change component parameters (AddParameter): Name = "RoHS Compliant"; Value = "Yes"; VariantName = "[No Variations]"
Change component parameters (AddParameter): Name = "Termination"; Value = "Wraparound"; VariantName = "[No Variations]"
Change component parameters (AddParameter): Name = "Width"; Value = "0.061inch"; VariantName = "[No Variations]"
Change component parameters: Designator = "R2" ("R2"); Footprint = "FP-ERA6A-MFG"; UniqueID = "\LXBYTIOA" ("\LXBYTIOA")
Change component parameters (AddParameter): Name = "Case Code (Imperial)"; Value = "1206"; VariantName = "[No Variations]"
Change component parameters (AddParameter): Name = "Case Code (Metric)"; Value = "3216"; VariantName = "[No Variations]"
Change component parameters (AddParameter): Name = "Case/Package"; Value = "1206"; VariantName = "[No Variations]"
Change component parameters (AddParameter): Name = "Features"; Value = "Automotive AEC-Q200"; VariantName = "[No Variations]"
Change component parameters (AddParameter): Name = "Height"; Value = "0.026inch"; VariantName = "[No Variations]"
Change component parameters (AddParameter): Name = "Length"; Value = "0.122inch"; VariantName = "[No Variations]"
Change component parameters (AddParameter): Name = "Max Operating Temperature"; Value = "155ˇăC"; VariantName = "[No Variations]"
Change component parameters (AddParameter): Name = "Min Operating Temperature"; Value = "-55ˇăC"; VariantName = "[No Variations]"
Change component parameters (AddParameter): Name = "Mount"; Value = "Surface Mount"; VariantName = "[No Variations]"
Change component parameters (AddParameter): Name = "Number of Terminations"; Value = "2"; VariantName = "[No Variations]"
Change component parameters (AddParameter): Name = "Package Quantity"; Value = "5000"; VariantName = "[No Variations]"
Change component parameters (AddParameter): Name = "Packaging"; Value = "Tape and Reel"; VariantName = "[No Variations]"
Change component parameters (AddParameter): Name = "Radiation Hardening"; Value = "No"; VariantName = "[No Variations]"
Change component parameters (AddParameter): Name = "Resistance"; Value = "0mR"; VariantName = "[No Variations]"
Change component parameters (AddParameter): Name = "RoHS Compliant"; Value = "Yes"; VariantName = "[No Variations]"
Change component parameters (AddParameter): Name = "Termination"; Value = "Wraparound"; VariantName = "[No Variations]"
Change component parameters (AddParameter): Name = "Width"; Value = "0.061inch"; VariantName = "[No Variations]"
Change component parameters: Designator = "R3" ("R3"); Footprint = "FP-ERA6A-MFG"; UniqueID = "\TWEYRUHB" ("\TWEYRUHB")
Change component parameters (AddParameter): Name = "Case Code (Imperial)"; Value = "1206"; VariantName = "[No Variations]"
Change component parameters (AddParameter): Name = "Case Code (Metric)"; Value = "3216"; VariantName = "[No Variations]"
Change component parameters (AddParameter): Name = "Case/Package"; Value = "1206"; VariantName = "[No Variations]"
Change component parameters (AddParameter): Name = "Features"; Value = "Automotive AEC-Q200"; VariantName = "[No Variations]"
Change component parameters (AddParameter): Name = "Height"; Value = "0.026inch"; VariantName = "[No Variations]"
Change component parameters (AddParameter): Name = "Length"; Value = "0.122inch"; VariantName = "[No Variations]"
Change component parameters (AddParameter): Name = "Max Operating Temperature"; Value = "155ˇăC"; VariantName = "[No Variations]"
Change component parameters (AddParameter): Name = "Min Operating Temperature"; Value = "-55ˇăC"; VariantName = "[No Variations]"
Change component parameters (AddParameter): Name = "Mount"; Value = "Surface Mount"; VariantName = "[No Variations]"
Change component parameters (AddParameter): Name = "Number of Terminations"; Value = "2"; VariantName = "[No Variations]"
Change component parameters (AddParameter): Name = "Package Quantity"; Value = "5000"; VariantName = "[No Variations]"
Change component parameters (AddParameter): Name = "Packaging"; Value = "Tape and Reel"; VariantName = "[No Variations]"
Change component parameters (AddParameter): Name = "Radiation Hardening"; Value = "No"; VariantName = "[No Variations]"
Change component parameters (AddParameter): Name = "Resistance"; Value = "0mR"; VariantName = "[No Variations]"
Change component parameters (AddParameter): Name = "RoHS Compliant"; Value = "Yes"; VariantName = "[No Variations]"
Change component parameters (AddParameter): Name = "Termination"; Value = "Wraparound"; VariantName = "[No Variations]"
Change component parameters (AddParameter): Name = "Width"; Value = "0.061inch"; VariantName = "[No Variations]"
Change component parameters: Designator = "R4" ("R4"); Footprint = "FP-ERA6A-MFG"; UniqueID = "\TEBKMJSC" ("\TEBKMJSC")
Change component parameters (AddParameter): Name = "Case Code (Imperial)"; Value = "1206"; VariantName = "[No Variations]"
Change component parameters (AddParameter): Name = "Case Code (Metric)"; Value = "3216"; VariantName = "[No Variations]"
Change component parameters (AddParameter): Name = "Case/Package"; Value = "1206"; VariantName = "[No Variations]"
Change component parameters (AddParameter): Name = "Features"; Value = "Automotive AEC-Q200"; VariantName = "[No Variations]"
Change component parameters (AddParameter): Name = "Height"; Value = "0.026inch"; VariantName = "[No Variations]"
Change component parameters (AddParameter): Name = "Length"; Value = "0.122inch"; VariantName = "[No Variations]"
Change component parameters (AddParameter): Name = "Max Operating Temperature"; Value = "155ˇăC"; VariantName = "[No Variations]"
Change component parameters (AddParameter): Name = "Min Operating Temperature"; Value = "-55ˇăC"; VariantName = "[No Variations]"
Change component parameters (AddParameter): Name = "Mount"; Value = "Surface Mount"; VariantName = "[No Variations]"
Change component parameters (AddParameter): Name = "Number of Terminations"; Value = "2"; VariantName = "[No Variations]"
Change component parameters (AddParameter): Name = "Package Quantity"; Value = "5000"; VariantName = "[No Variations]"
Change component parameters (AddParameter): Name = "Packaging"; Value = "Tape and Reel"; VariantName = "[No Variations]"
Change component parameters (AddParameter): Name = "Radiation Hardening"; Value = "No"; VariantName = "[No Variations]"
Change component parameters (AddParameter): Name = "Resistance"; Value = "0mR"; VariantName = "[No Variations]"
Change component parameters (AddParameter): Name = "RoHS Compliant"; Value = "Yes"; VariantName = "[No Variations]"
Change component parameters (AddParameter): Name = "Termination"; Value = "Wraparound"; VariantName = "[No Variations]"
Change component parameters (AddParameter): Name = "Width"; Value = "0.061inch"; VariantName = "[No Variations]"
Added Component: Designator=PWR1(KING-WP7113SGD_V)
Add component (AddParameter): Name = "Case/Package"; Value = "Radial"; VariantName = "[No Variations]"
Add component (AddParameter): Name = "Colour"; Value = "Green"; VariantName = "[No Variations]"
Add component (AddParameter): Name = "Datasheet URL"; Value = "http://www.kingbrightusa.com/images/catalog/SPEC/WP7113SGD.pdf"; VariantName = "[No Variations]"
Add component (AddParameter): Name = "Datasheet Version"; Value = "Rev. 6B, 01/2015"; VariantName = "[No Variations]"
Add component (AddParameter): Name = "Dominant Wavelength"; Value = "568nm"; VariantName = "[No Variations]"
Add component (AddParameter): Name = "Forward Voltage"; Value = "2.2V"; VariantName = "[No Variations]"
Add component (AddParameter): Name = "Height"; Value = "8.6mm"; VariantName = "[No Variations]"
Add component (AddParameter): Name = "Illumination Colour"; Value = "Green"; VariantName = "[No Variations]"
Add component (AddParameter): Name = "Lead Free"; Value = "LeadFree"; VariantName = "[No Variations]"
Add component (AddParameter): Name = "Lens Style"; Value = "Tinted"; VariantName = "[No Variations]"
Add component (AddParameter): Name = "Luminous Intensity"; Value = "40mcd"; VariantName = "[No Variations]"
Add component (AddParameter): Name = "Manufacturer"; Value = "Kingbright"; VariantName = "[No Variations]"
Add component (AddParameter): Name = "Package Description"; Value = "2-Pin Through Hole Device, Dia 5.9 mm, Body Length 8.6 mm"; VariantName = "[No Variations]"
Add component (AddParameter): Name = "Package Quantity"; Value = "1000"; VariantName = "[No Variations]"
Add component (AddParameter): Name = "Package Reference"; Value = "WP7113SGD"; VariantName = "[No Variations]"
Add component (AddParameter): Name = "Packaging"; Value = "Bulk"; VariantName = "[No Variations]"
Add component (AddParameter): Name = "RoHSCompliant"; Value = "true"; VariantName = "[No Variations]"
Add component (AddParameter): Name = "Test Current"; Value = "20mA"; VariantName = "[No Variations]"
Add component (AddParameter): Name = "Viewing Angle"; Value = "30degrees"; VariantName = "[No Variations]"
Add component (AddParameter): Name = "Wavelength"; Value = "568nm"; VariantName = "[No Variations]"
Added Pin To Net: NetName=NetC4_1 Pin=Charge-1
Added Pin To Net: NetName=GND Pin=Done-2
Added Pin To Net: NetName=NetC1_2 Pin=L1-1
Added Pin To Net: NetName=NetC1_1 Pin=L1-2
Added Pin To Net: NetName=NetCharge_2 Pin=Charge-2
Added Pin To Net: NetName=NetCharge_2 Pin=R4-1
Added Net: Name=NetCharge_2
Added Pin To Net: NetName=NetDone_1 Pin=Done-1
Added Pin To Net: NetName=NetDone_1 Pin=R3-1
Added Net: Name=NetDone_1
Added Pin To Net: NetName=NetPWR1_2 Pin=PWR1-2
Added Pin To Net: NetName=NetPWR1_2 Pin=R1-1
Added Net: Name=NetPWR1_2
Added Member To Class: ClassName=Sheet2 Member=Component PWR1 WP7113SGD
